C51 COMPILER V9.05   3_17                                                                  11/05/2011 11:22:14 PAGE 1   


C51 COMPILER V9.05, COMPILATION OF MODULE 3_17
OBJECT MODULE PLACED IN 3_17.OBJ
COMPILER INVOKED BY: C:\Keil\C51\BIN\C51.EXE 3_17.C ROM(SMALL) OPTIMIZE(2,SPEED) BROWSE DEBUG OBJECTEXTEND

line level    source

   1          /****** 3_17.c*****指標 * 與 & 範例*************
   2          *動作：令RAM位址0x10寫入計數值，
   3          *      由LED顯示RAM(0x10)的計數值
   4          **********************************************/
   5          #include "..\MPC82.H"  //暫存器及組態設定       
   6          char  count _at_ 0x30; //定義變數count在位址0x10
   7          main() 
   8          {
   9   1         char  i=1;     //宣告計數值 
  10   1         char  *point;  //宣告指標變數  
  11   1         point=&count;  //將變數count的位址(0x10)存入point內
  12   1      loop:
  13   1         *point=i; //將計數值存入指標point內所指向的變數count內
  14   1         LED=count; //在P0顯示變數count的內容
  15   1         i++;      //計數遞加
  16   1       goto loop;
  17   1      }


MODULE INFORMATION:   STATIC OVERLAYABLE
   CODE SIZE        =     78    ----
   CONSTANT SIZE    =   ----    ----
   XDATA SIZE       =   ----    ----
   PDATA SIZE       =   ----    ----
   DATA SIZE        =   ----       8
   IDATA SIZE       =   ----    ----
   BIT SIZE         =   ----    ----
END OF MODULE INFORMATION.


C51 COMPILATION COMPLETE.  0 WARNING(S),  0 ERROR(S)
