C51 COMPILER V9.05   3_62                                                                  11/05/2011 15:04:50 PAGE 1   


C51 COMPILER V9.05, COMPILATION OF MODULE 3_62
OBJECT MODULE PLACED IN 3_62.OBJ
COMPILER INVOKED BY: C:\Keil\C51\BIN\C51.EXE 3_62.c ROM(SMALL) OPTIMIZE(2,SPEED) BROWSE DEBUG OBJECTEXTEND

line level    source

   1          /********* 3_62.c ***БлТрЈчМЦНdЈв***************
   2          *АЪЇ@ЁGЅOLEDЅЊБлТр 
   3          *ЕwХщЁGSW1-3(P0LED)ON
   4          *************************************************/
   5          #include "..\MPC82.H"  //МШІsОЙЄЮВеКAГ]Љw
   6          main()
   7          {
   8   1          unsigned char i=0x01; //ЉwИq8-bitХмМЦ
   9   1          P0M0=0; P0M1=0xFF; //Г]ЉwP0ЌАБРЎОІЁПщЅX(M0-1=01)
  10   1        loop:
  11   1          LED=~i;     //ХмМЦПщЅX
  12   1          Delay_ms(100); //ЉЕЎЩ
  13   1          i=RL8(i);   //8-bitХмМЦЅЊБлТр
  14   1         goto loop;
  15   1      }


MODULE INFORMATION:   STATIC OVERLAYABLE
   CODE SIZE        =     82    ----
   CONSTANT SIZE    =   ----    ----
   XDATA SIZE       =   ----    ----
   PDATA SIZE       =   ----    ----
   DATA SIZE        =   ----       5
   IDATA SIZE       =   ----    ----
   BIT SIZE         =   ----    ----
END OF MODULE INFORMATION.


C51 COMPILATION COMPLETE.  0 WARNING(S),  0 ERROR(S)
